<?xml version="1.0" encoding="UTF-8"?>
<!-- Generated by org.testng.reporters.JUnitXMLReporter -->
<testsuite ignored="0" hostname="DESKTOP-8BJFBM9" failures="4" tests="5" name="Test" time="53.774" errors="0" timestamp="09 Jan 2024 06:04:25 GMT">
  <testcase classname="com.qa.testpack.Firstpage_test" name="parameter" time="0.0">
    <failure type="org.testng.TestNGException" message="
Parameter &amp;apos;emaild&amp;apos; is required by @Test on method parameter but has not been marked @Optional or defined
in C:\Users\vinod.gate\eclipse-workspace\project2\testng.xml">
      <![CDATA[org.testng.TestNGException: 
Parameter 'emaild' is required by @Test on method parameter but has not been marked @Optional or defined
in C:\Users\vinod.gate\eclipse-workspace\project2\testng.xml
... Removed 23 stack frames]]>
    </failure>
  </testcase> <!-- parameter -->
  <testcase classname="com.qa.testpack.Firstpage_test" name="validatelogoimage" time="0.32"/>
  <testcase classname="com.qa.testpack.Firstpage_test" name="validatetitle" time="0.046">
    <failure type="java.lang.AssertionError" message="expected [Air India] but found [Book Air India Domestic &amp;amp; International Flights Online in 2024, Fly Non-Stop]">
      <![CDATA[java.lang.AssertionError: expected [Air India] but found [Book Air India Domestic & International Flights Online in 2024, Fly Non-Stop]
	at com.qa.testpack.Firstpage_test.validatetitle(Firstpage_test.java:35)
... Removed 31 stack frames]]>
    </failure>
  </testcase> <!-- validatetitle -->
  <testcase classname="com.qa.testpack.Signinpage_Test" name="validatetitle" time="0.043">
    <failure type="java.lang.AssertionError" message="expected [Air India] but found [Book Air India Domestic &amp;amp; International Flights Online in 2024, Fly Non-Stop]">
      <![CDATA[java.lang.AssertionError: expected [Air India] but found [Book Air India Domestic & International Flights Online in 2024, Fly Non-Stop]
	at com.qa.testpack.Signinpage_Test.validatetitle(Signinpage_Test.java:35)
... Removed 31 stack frames]]>
    </failure>
  </testcase> <!-- validatetitle -->
  <testcase classname="com.qa.testpack.Signinpage_Test" name="validatjoinbtn" time="2.14">
    <failure type="java.lang.AssertionError" message="expected [true] but found [false]">
      <![CDATA[java.lang.AssertionError: expected [true] but found [false]
	at com.qa.testpack.Signinpage_Test.validatjoinbtn(Signinpage_Test.java:42)
... Removed 31 stack frames]]>
    </failure>
  </testcase> <!-- validatjoinbtn -->
</testsuite> <!-- Test -->
